<?xml version="1.0" encoding="UTF-8"?>
<!-- Generated by org.testng.reporters.JUnitReportReporter -->
<testsuite hostname="GWTN156-4" failures="0" tests="2" name="test.TestNG" time="5.481" errors="0" timestamp="04 Apr 2023 23:44:31 GMT" skipped="0">
  <testcase classname="test.TestNG" name="addCategory" time="3.364"/>
  <testcase classname="test.TestNG" name="duplicateCategory" time="2.117"/>
</testsuite> <!-- test.TestNG -->
